{"name": "test_products_group", "status": "skipped", "statusDetails": {"message": "XFAIL Wait for bug fix\n\nselenium.common.exceptions.ElementClickInterceptedException: Message: element click intercepted: Element <a href=\"https://testqastudio.me?products_group=sale\" class=\"tab-sale \">...</a> is not clickable at point (900, 748). Other element would receive the click: <div class=\"catalog-toolbar-tabs__content\">...</div>\n  (Session info: chrome=123.0.6312.86)\nStacktrace:\n\tGetHandleVerifier [0x00007FF6674570C2+63090]\n\t(No symbol) [0x00007FF6673C2D12]\n\t(No symbol) [0x00007FF66725EC65]\n\t(No symbol) [0x00007FF6672ABB34]\n\t(No symbol) [0x00007FF6672A9954]\n\t(No symbol) [0x00007FF6672A7164]\n\t(No symbol) [0x00007FF6672A5EF9]\n\t(No symbol) [0x00007FF66729A708]\n\t(No symbol) [0x00007FF6672C6FDA]\n\t(No symbol) [0x00007FF66729A00A]\n\t(No symbol) [0x00007FF6672C71F0]\n\t(No symbol) [0x00007FF6672E3412]\n\t(No symbol) [0x00007FF6672C6D83]\n\t(No symbol) [0x00007FF6672983A8]\n\t(No symbol) [0x00007FF667299441]\n\tGetHandleVerifier [0x00007FF66785262D+4238301]\n\tGetHandleVerifier [0x00007FF66788F78D+4488509]\n\tGetHandleVerifier [0x00007FF667887A6F+4456479]\n\tGetHandleVerifier [0x00007FF667530606+953270]\n\t(No symbol) [0x00007FF6673CE5DF]\n\t(No symbol) [0x00007FF6673C92B4]\n\t(No symbol) [0x00007FF6673C93EB]\n\t(No symbol) [0x00007FF6673B9C24]\n\tBaseThreadInitThunk [0x00007FFC07847344+20]\n\tRtlUserThreadStart [0x00007FFC08AC26B1+33]", "trace": "tests\\test_shop.py:47: in test_products_group\n    element.click()\n        browser    = <selenium.webdriver.chrome.webdriver.WebDriver (session=\"295c6e505a9288a32a759cefd596d2d7\")>\n        element    = <selenium.webdriver.remote.webelement.WebElement (session=\"295c6e505a9288a32a759cefd596d2d7\", element=\"f.D7ADA797E9E5293A6F1DC7F5C202630E.d.88F7690AB0711FB2670C81BC57696C88.e.193\")>\n        elements   = [<selenium.webdriver.remote.webelement.WebElement (session=\"295c6e505a9288a32a759cefd596d2d7\", element=\"f.D7ADA797E9E5...c6e505a9288a32a759cefd596d2d7\", element=\"f.D7ADA797E9E5293A6F1DC7F5C202630E.d.8079F4DA478C30CEE524151A28F3E550.e.78\")>]\n        expected_menu = [('Все', '', \"[class='tab-all active']\"), ('Бестселлеры', '/?products_group=best_sellers', \"[class='tab-best_sellers '... '/?products_group=new', \"[class='tab-new ']\"), ('Распродажа товаров', '/?products_group=sale', \"[class='tab-sale ']\")]\n        item       = ('Распродажа товаров', '/?products_group=sale', \"[class='tab-sale ']\")\n        menu_element = \"[class='catalog-toolbar-tabs__content'] a\"\nenv\\Lib\\site-packages\\selenium\\webdriver\\remote\\webelement.py:94: in click\n    self._execute(Command.CLICK_ELEMENT)\n        self       = <selenium.webdriver.remote.webelement.WebElement (session=\"295c6e505a9288a32a759cefd596d2d7\", element=\"f.D7ADA797E9E5293A6F1DC7F5C202630E.d.88F7690AB0711FB2670C81BC57696C88.e.193\")>\nenv\\Lib\\site-packages\\selenium\\webdriver\\remote\\webelement.py:395: in _execute\n    return self._parent.execute(command, params)\n        command    = 'clickElement'\n        params     = {'id': 'f.D7ADA797E9E5293A6F1DC7F5C202630E.d.88F7690AB0711FB2670C81BC57696C88.e.193'}\n        self       = <selenium.webdriver.remote.webelement.WebElement (session=\"295c6e505a9288a32a759cefd596d2d7\", element=\"f.D7ADA797E9E5293A6F1DC7F5C202630E.d.88F7690AB0711FB2670C81BC57696C88.e.193\")>\nenv\\Lib\\site-packages\\selenium\\webdriver\\remote\\webdriver.py:347: in execute\n    self.error_handler.check_response(response)\n        driver_command = 'clickElement'\n        params     = {}\n        response   = {'status': 400, 'value': '{\"value\":{\"error\":\"element click intercepted\",\"message\":\"element click intercepted: Element ...07FF6673B9C24]\\\\n\\\\tBaseThreadInitThunk [0x00007FFC07847344+20]\\\\n\\\\tRtlUserThreadStart [0x00007FFC08AC26B1+33]\\\\n\"}}'}\n        self       = <selenium.webdriver.chrome.webdriver.WebDriver (session=\"295c6e505a9288a32a759cefd596d2d7\")>\nenv\\Lib\\site-packages\\selenium\\webdriver\\remote\\errorhandler.py:229: in check_response\n    raise exception_class(message, screen, stacktrace)\nE   selenium.common.exceptions.ElementClickInterceptedException: Message: element click intercepted: Element <a href=\"https://testqastudio.me?products_group=sale\" class=\"tab-sale \">...</a> is not clickable at point (900, 748). Other element would receive the click: <div class=\"catalog-toolbar-tabs__content\">...</div>\nE     (Session info: chrome=123.0.6312.86)\nE   Stacktrace:\nE   \tGetHandleVerifier [0x00007FF6674570C2+63090]\nE   \t(No symbol) [0x00007FF6673C2D12]\nE   \t(No symbol) [0x00007FF66725EC65]\nE   \t(No symbol) [0x00007FF6672ABB34]\nE   \t(No symbol) [0x00007FF6672A9954]\nE   \t(No symbol) [0x00007FF6672A7164]\nE   \t(No symbol) [0x00007FF6672A5EF9]\nE   \t(No symbol) [0x00007FF66729A708]\nE   \t(No symbol) [0x00007FF6672C6FDA]\nE   \t(No symbol) [0x00007FF66729A00A]\nE   \t(No symbol) [0x00007FF6672C71F0]\nE   \t(No symbol) [0x00007FF6672E3412]\nE   \t(No symbol) [0x00007FF6672C6D83]\nE   \t(No symbol) [0x00007FF6672983A8]\nE   \t(No symbol) [0x00007FF667299441]\nE   \tGetHandleVerifier [0x00007FF66785262D+4238301]\nE   \tGetHandleVerifier [0x00007FF66788F78D+4488509]\nE   \tGetHandleVerifier [0x00007FF667887A6F+4456479]\nE   \tGetHandleVerifier [0x00007FF667530606+953270]\nE   \t(No symbol) [0x00007FF6673CE5DF]\nE   \t(No symbol) [0x00007FF6673C92B4]\nE   \t(No symbol) [0x00007FF6673C93EB]\nE   \t(No symbol) [0x00007FF6673B9C24]\nE   \tBaseThreadInitThunk [0x00007FFC07847344+20]\nE   \tRtlUserThreadStart [0x00007FFC08AC26B1+33]\n        e          = <selenium.webdriver.remote.errorhandler.ErrorCode object at 0x000002F57580E540>\n        error_code = 'ELEMENT_CLICK_INTERCEPTED'\n        error_codes = ['ELEMENT_CLICK_INTERCEPTED', 'ELEMENT_IS_NOT_SELECTABLE', 'ELEMENT_NOT_INTERACTABLE', 'ELEMENT_NOT_VISIBLE', 'IME_ENGINE_ACTIVATION_FAILED', 'IME_NOT_AVAILABLE', ...]\n        error_info = [64, 'element click intercepted']\n        exception_class = <class 'selenium.common.exceptions.ElementClickInterceptedException'>\n        json       = <module 'json' from 'C:\\\\Python312\\\\Lib\\\\json\\\\__init__.py'>\n        message    = 'element click intercepted: Element <a href=\"https://testqastudio.me?products_group=sale\" class=\"tab-sale \">...</a> is... would receive the click: <div class=\"catalog-toolbar-tabs__content\">...</div>\\n  (Session info: chrome=123.0.6312.86)'\n        response   = {'status': 400, 'value': '{\"value\":{\"error\":\"element click intercepted\",\"message\":\"element click intercepted: Element ...07FF6673B9C24]\\\\n\\\\tBaseThreadInitThunk [0x00007FFC07847344+20]\\\\n\\\\tRtlUserThreadStart [0x00007FFC08AC26B1+33]\\\\n\"}}'}\n        screen     = None\n        self       = <selenium.webdriver.remote.errorhandler.ErrorHandler object at 0x000002F5757B9490>\n        st_value   = '\\tGetHandleVerifier [0x00007FF6674570C2+63090]\\n\\t(No symbol) [0x00007FF6673C2D12]\\n\\t(No symbol) [0x00007FF66725EC65...l) [0x00007FF6673B9C24]\\n\\tBaseThreadInitThunk [0x00007FFC07847344+20]\\n\\tRtlUserThreadStart [0x00007FFC08AC26B1+33]\\n'\n        stacktrace = ['\\tGetHandleVerifier [0x00007FF6674570C2+63090]', '\\t(No symbol) [0x00007FF6673C2D12]', '\\t(No symbol) [0x00007FF6672... '\\t(No symbol) [0x00007FF6672ABB34]', '\\t(No symbol) [0x00007FF6672A9954]', '\\t(No symbol) [0x00007FF6672A7164]', ...]\n        status     = 'element click intercepted'\n        value      = {'error': 'element click intercepted', 'message': 'element click intercepted: Element <a href=\"https://testqastudio.me...) [0x00007FF6673B9C24]\\n\\tBaseThreadInitThunk [0x00007FFC07847344+20]\\n\\tRtlUserThreadStart [0x00007FFC08AC26B1+33]\\n'}\n        value_json = '{\"value\":{\"error\":\"element click intercepted\",\"message\":\"element click intercepted: Element \\\\u003Ca href=\\\\\"https://...007FF6673B9C24]\\\\n\\\\tBaseThreadInitThunk [0x00007FFC07847344+20]\\\\n\\\\tRtlUserThreadStart [0x00007FFC08AC26B1+33]\\\\n\"}}'"}, "description": "\n    Test case TC-2\n    ", "start": 1712223453524, "stop": 1712223459109, "uuid": "c4feaa6f-51c6-449f-9aae-679762decb07", "historyId": "4fdd6adba16e950b161eae73ef4ccb14", "testCaseId": "4fdd6adba16e950b161eae73ef4ccb14", "fullName": "tests.test_shop#test_products_group", "labels": [{"name": "tag", "value": "@pytest.mark.xfail(reason='Wait for bug fix')"}, {"name": "parentSuite", "value": "tests"}, {"name": "suite", "value": "test_shop"}, {"name": "host", "value": "DESKTOP-2APOEGQ"}, {"name": "thread", "value": "10684-MainThread"}, {"name": "framework", "value": "pytest"}, {"name": "language", "value": "cpython3"}, {"name": "package", "value": "tests.test_shop"}]}